# JRE version: Java(TM) SE Runtime Environment (11.0.2+9) (build 11.0.2+9-LTS)
# Java VM: Java HotSpot(TM) 64-Bit Server VM (11.0.2+9-LTS, mixed mode, tiered, compressed oops, g1 gc, windows-amd64)
Heap:
 garbage-first heap   total 196608K, used 92736K [0x0000000740400000, 0x0000000800000000)
  region size 1024K, 78 young (79872K), 11 survivors (11264K)
 Metaspace       used 58355K, capacity 59952K, committed 60080K, reserved 1101824K
  class space    used 7653K, capacity 8274K, committed 8320K, reserved 1048576K
GC Heap History (10 events):
Event: 8.325 GC heap after
{Heap after GC invocations=6 (full 0):
 garbage-first heap   total 196608K, used 14024K [0x0000000740400000, 0x0000000800000000)
  region size 1024K, 6 young (6144K), 6 survivors (6144K)
 Metaspace       used 27821K, capacity 28677K, committed 28848K, reserved 1075200K
  class space    used 3425K, capacity 3762K, committed 3840K, reserved 1048576K
}
Event: 10.569 GC heap before
{Heap before GC invocations=6 (full 0):
 garbage-first heap   total 196608K, used 125640K [0x0000000740400000, 0x0000000800000000)
  region size 1024K, 115 young (117760K), 6 survivors (6144K)
 Metaspace       used 31938K, capacity 32999K, committed 33072K, reserved 1077248K
  class space    used 4032K, capacity 4473K, committed 4480K, reserved 1048576K
}
Event: 10.582 GC heap after
{Heap after GC invocations=7 (full 0):
 garbage-first heap   total 196608K, used 17587K [0x0000000740400000, 0x0000000800000000)
  region size 1024K, 9 young (9216K), 9 survivors (9216K)
 Metaspace       used 31938K, capacity 32999K, committed 33072K, reserved 1077248K
  class space    used 4032K, capacity 4473K, committed 4480K, reserved 1048576K
}
Event: 11.449 GC heap before
{Heap before GC invocations=7 (full 0):
 garbage-first heap   total 196608K, used 49331K [0x0000000740400000, 0x0000000800000000)
  region size 1024K, 41 young (41984K), 9 survivors (9216K)
 Metaspace       used 34667K, capacity 35806K, committed 35920K, reserved 1081344K
  class space    used 4403K, capacity 4842K, committed 4864K, reserved 1048576K
}
Event: 11.468 GC heap after
{Heap after GC invocations=8 (full 0):
 garbage-first heap   total 196608K, used 18735K [0x0000000740400000, 0x0000000800000000)
  region size 1024K, 9 young (9216K), 9 survivors (9216K)
 Metaspace       used 34667K, capacity 35806K, committed 35920K, reserved 1081344K
  class space    used 4403K, capacity 4842K, committed 4864K, reserved 1048576K
}
Event: 12.096 GC heap before
{Heap before GC invocations=9 (full 0):
 garbage-first heap   total 196608K, used 126255K [0x0000000740400000, 0x0000000800000000)
  region size 1024K, 115 young (117760K), 9 survivors (9216K)
 Metaspace       used 37197K, capacity 38435K, committed 38608K, reserved 1083392K
  class space    used 4725K, capacity 5229K, committed 5248K, reserved 1048576K
}
Event: 12.108 GC heap after
{Heap after GC invocations=10 (full 0):
 garbage-first heap   total 196608K, used 20205K [0x0000000740400000, 0x0000000800000000)
  region size 1024K, 10 young (10240K), 10 survivors (10240K)
 Metaspace       used 37197K, capacity 38435K, committed 38608K, reserved 1083392K
  class space    used 4725K, capacity 5229K, committed 5248K, reserved 1048576K
}
Event: 14.235 GC heap before
{Heap before GC invocations=10 (full 0):
 garbage-first heap   total 196608K, used 126701K [0x0000000740400000, 0x0000000800000000)
  region size 1024K, 115 young (117760K), 10 survivors (10240K)
 Metaspace       used 52153K, capacity 53624K, committed 53840K, reserved 1095680K
  class space    used 6753K, capacity 7303K, committed 7424K, reserved 1048576K
}
Event: 14.249 GC heap after
{Heap after GC invocations=11 (full 0):
 garbage-first heap   total 196608K, used 24638K [0x0000000740400000, 0x0000000800000000)
  region size 1024K, 11 young (11264K), 11 survivors (11264K)
 Metaspace       used 52153K, capacity 53624K, committed 53840K, reserved 1095680K
  class space    used 6753K, capacity 7303K, committed 7424K, reserved 1048576K
}
Event: 15.453 GC heap before
{Heap before GC invocations=11 (full 0):
 garbage-first heap   total 196608K, used 92222K [0x0000000740400000, 0x0000000800000000)
  region size 1024K, 78 young (79872K), 11 survivors (11264K)
 Metaspace       used 58355K, capacity 59952K, committed 60080K, reserved 1101824K
  class space    used 7653K, capacity 8274K, committed 8320K, reserved 1048576K
}

